<?xml version="1.0" encoding="UTF-8"?>
<!-- Generated by org.testng.reporters.JUnitXMLReporter -->
<testsuite ignored="0" hostname="DESKTOP-UBNLK91" failures="0" tests="4" name="Default test" time="0.071" errors="0" timestamp="2021-11-24T18:12:35 IST">
  <testcase classname="simpleannotations.GroupingTest" name="clg_Loacation" time="0.009"/>
  <testcase classname="simpleannotations.GroupingTest" name="clg_Name" time="0.001"/>
  <testcase classname="simpleannotations.GroupingTest" name="std_Id" time="0.001"/>
  <testcase classname="simpleannotations.GroupingTest" name="std_Name" time="0.001"/>
</testsuite> <!-- Default test -->
